[24-Sep-2025 12:20:07 UTC] PHP Fatal error:  Uncaught Error: Call to undefined method AFFCD_Admin_Menu::handle_admin_actions() in /home/customer/www/affiliates.theitalianbureau.com/public_html/wp-content/plugins/Affiliate Cross Domain Master/admin/class-admin-menu.php:104
Stack trace:
#0 /home/customer/www/affiliates.theitalianbureau.com/public_html/wp-includes/class-wp-hook.php(324): AFFCD_Admin_Menu->{closure}('')
#1 /home/customer/www/affiliates.theitalianbureau.com/public_html/wp-includes/class-wp-hook.php(348): WP_Hook->apply_filters(NULL, Array)
#2 /home/customer/www/affiliates.theitalianbureau.com/public_html/wp-includes/plugin.php(517): WP_Hook->do_action(Array)
#3 /home/customer/www/affiliates.theitalianbureau.com/public_html/wp-admin/admin.php(176): do_action('admin_init')
#4 {main}
  thrown in /home/customer/www/affiliates.theitalianbureau.com/public_html/wp-content/plugins/Affiliate Cross Domain Master/admin/class-admin-menu.php on line 104
[24-Sep-2025 12:20:14 UTC] PHP Fatal error:  Uncaught Error: Call to undefined method AFFCD_Admin_Menu::handle_admin_actions() in /home/customer/www/affiliates.theitalianbureau.com/public_html/wp-content/plugins/Affiliate Cross Domain Master/admin/class-admin-menu.php:104
Stack trace:
#0 /home/customer/www/affiliates.theitalianbureau.com/public_html/wp-includes/class-wp-hook.php(324): AFFCD_Admin_Menu->{closure}('')
#1 /home/customer/www/affiliates.theitalianbureau.com/public_html/wp-includes/class-wp-hook.php(348): WP_Hook->apply_filters(NULL, Array)
#2 /home/customer/www/affiliates.theitalianbureau.com/public_html/wp-includes/plugin.php(517): WP_Hook->do_action(Array)
#3 /home/customer/www/affiliates.theitalianbureau.com/public_html/wp-admin/admin.php(176): do_action('admin_init')
#4 {main}
  thrown in /home/customer/www/affiliates.theitalianbureau.com/public_html/wp-content/plugins/Affiliate Cross Domain Master/admin/class-admin-menu.php on line 104
[24-Sep-2025 12:20:25 UTC] PHP Fatal error:  Uncaught Error: Call to undefined method AFFCD_Admin_Menu::handle_admin_actions() in /home/customer/www/affiliates.theitalianbureau.com/public_html/wp-content/plugins/Affiliate Cross Domain Master/admin/class-admin-menu.php:104
Stack trace:
#0 /home/customer/www/affiliates.theitalianbureau.com/public_html/wp-includes/class-wp-hook.php(324): AFFCD_Admin_Menu->{closure}('')
#1 /home/customer/www/affiliates.theitalianbureau.com/public_html/wp-includes/class-wp-hook.php(348): WP_Hook->apply_filters(NULL, Array)
#2 /home/customer/www/affiliates.theitalianbureau.com/public_html/wp-includes/plugin.php(517): WP_Hook->do_action(Array)
#3 /home/customer/www/affiliates.theitalianbureau.com/public_html/wp-admin/admin.php(176): do_action('admin_init')
#4 {main}
  thrown in /home/customer/www/affiliates.theitalianbureau.com/public_html/wp-content/plugins/Affiliate Cross Domain Master/admin/class-admin-menu.php on line 104
[24-Sep-2025 12:20:33 UTC] PHP Fatal error:  Uncaught TypeError: call_user_func_array(): Argument #1 ($callback) must be a valid callback, class AFFCD_Admin_Menu does not have a method "add_dashboard_widgets" in /home/customer/www/affiliates.theitalianbureau.com/public_html/wp-includes/class-wp-hook.php:324
Stack trace:
#0 /home/customer/www/affiliates.theitalianbureau.com/public_html/wp-includes/class-wp-hook.php(348): WP_Hook->apply_filters(NULL, Array)
#1 /home/customer/www/affiliates.theitalianbureau.com/public_html/wp-includes/plugin.php(517): WP_Hook->do_action(Array)
#2 /home/customer/www/affiliates.theitalianbureau.com/public_html/wp-admin/includes/dashboard.php(135): do_action('wp_dashboard_se...')
#3 /home/customer/www/affiliates.theitalianbureau.com/public_html/wp-admin/index.php(15): wp_dashboard_setup()
#4 {main}
  thrown in /home/customer/www/affiliates.theitalianbureau.com/public_html/wp-includes/class-wp-hook.php on line 324
[24-Sep-2025 12:20:36 UTC] PHP Fatal error:  Uncaught TypeError: call_user_func_array(): Argument #1 ($callback) must be a valid callback, class AFFCD_Admin_Menu does not have a method "add_dashboard_widgets" in /home/customer/www/affiliates.theitalianbureau.com/public_html/wp-includes/class-wp-hook.php:324
Stack trace:
#0 /home/customer/www/affiliates.theitalianbureau.com/public_html/wp-includes/class-wp-hook.php(348): WP_Hook->apply_filters(NULL, Array)
#1 /home/customer/www/affiliates.theitalianbureau.com/public_html/wp-includes/plugin.php(517): WP_Hook->do_action(Array)
#2 /home/customer/www/affiliates.theitalianbureau.com/public_html/wp-admin/includes/dashboard.php(135): do_action('wp_dashboard_se...')
#3 /home/customer/www/affiliates.theitalianbureau.com/public_html/wp-admin/index.php(15): wp_dashboard_setup()
#4 {main}
  thrown in /home/customer/www/affiliates.theitalianbureau.com/public_html/wp-includes/class-wp-hook.php on line 324
[24-Sep-2025 12:21:03 UTC] PHP Fatal error:  Uncaught TypeError: call_user_func_array(): Argument #1 ($callback) must be a valid callback, class AFFCD_Admin_Menu does not have a method "add_dashboard_widgets" in /home/customer/www/affiliates.theitalianbureau.com/public_html/wp-includes/class-wp-hook.php:324
Stack trace:
#0 /home/customer/www/affiliates.theitalianbureau.com/public_html/wp-includes/class-wp-hook.php(348): WP_Hook->apply_filters(NULL, Array)
#1 /home/customer/www/affiliates.theitalianbureau.com/public_html/wp-includes/plugin.php(517): WP_Hook->do_action(Array)
#2 /home/customer/www/affiliates.theitalianbureau.com/public_html/wp-admin/includes/dashboard.php(135): do_action('wp_dashboard_se...')
#3 /home/customer/www/affiliates.theitalianbureau.com/public_html/wp-admin/index.php(15): wp_dashboard_setup()
#4 {main}
  thrown in /home/customer/www/affiliates.theitalianbureau.com/public_html/wp-includes/class-wp-hook.php on line 324
[24-Sep-2025 12:28:37 UTC] PHP Fatal error:  Uncaught Error: Call to undefined method AFFCD_Admin_Menu::handle_admin_actions() in /home/customer/www/affiliates.theitalianbureau.com/public_html/wp-content/plugins/Affiliate Cross Domain Master/admin/class-admin-menu.php:104
Stack trace:
#0 /home/customer/www/affiliates.theitalianbureau.com/public_html/wp-includes/class-wp-hook.php(324): AFFCD_Admin_Menu->{closure}('')
#1 /home/customer/www/affiliates.theitalianbureau.com/public_html/wp-includes/class-wp-hook.php(348): WP_Hook->apply_filters(NULL, Array)
#2 /home/customer/www/affiliates.theitalianbureau.com/public_html/wp-includes/plugin.php(517): WP_Hook->do_action(Array)
#3 /home/customer/www/affiliates.theitalianbureau.com/public_html/wp-admin/admin.php(176): do_action('admin_init')
#4 {main}
  thrown in /home/customer/www/affiliates.theitalianbureau.com/public_html/wp-content/plugins/Affiliate Cross Domain Master/admin/class-admin-menu.php on line 104
[24-Sep-2025 12:29:58 UTC] PHP Fatal error:  Uncaught TypeError: call_user_func_array(): Argument #1 ($callback) must be a valid callback, class AFFCD_Admin_Menu does not have a method "add_dashboard_widgets" in /home/customer/www/affiliates.theitalianbureau.com/public_html/wp-includes/class-wp-hook.php:324
Stack trace:
#0 /home/customer/www/affiliates.theitalianbureau.com/public_html/wp-includes/class-wp-hook.php(348): WP_Hook->apply_filters(NULL, Array)
#1 /home/customer/www/affiliates.theitalianbureau.com/public_html/wp-includes/plugin.php(517): WP_Hook->do_action(Array)
#2 /home/customer/www/affiliates.theitalianbureau.com/public_html/wp-admin/includes/dashboard.php(135): do_action('wp_dashboard_se...')
#3 /home/customer/www/affiliates.theitalianbureau.com/public_html/wp-admin/index.php(15): wp_dashboard_setup()
#4 {main}
  thrown in /home/customer/www/affiliates.theitalianbureau.com/public_html/wp-includes/class-wp-hook.php on line 324
[24-Sep-2025 12:30:00 UTC] PHP Fatal error:  Uncaught TypeError: call_user_func_array(): Argument #1 ($callback) must be a valid callback, class AFFCD_Admin_Menu does not have a method "add_dashboard_widgets" in /home/customer/www/affiliates.theitalianbureau.com/public_html/wp-includes/class-wp-hook.php:324
Stack trace:
#0 /home/customer/www/affiliates.theitalianbureau.com/public_html/wp-includes/class-wp-hook.php(348): WP_Hook->apply_filters(NULL, Array)
#1 /home/customer/www/affiliates.theitalianbureau.com/public_html/wp-includes/plugin.php(517): WP_Hook->do_action(Array)
#2 /home/customer/www/affiliates.theitalianbureau.com/public_html/wp-admin/includes/dashboard.php(135): do_action('wp_dashboard_se...')
#3 /home/customer/www/affiliates.theitalianbureau.com/public_html/wp-admin/index.php(15): wp_dashboard_setup()
#4 {main}
  thrown in /home/customer/www/affiliates.theitalianbureau.com/public_html/wp-includes/class-wp-hook.php on line 324
[24-Sep-2025 12:36:26 UTC] PHP Fatal error:  Uncaught Error: Call to undefined method AFFCD_Admin_Menu::handle_admin_actions() in /home/customer/www/affiliates.theitalianbureau.com/public_html/wp-content/plugins/Affiliate Cross Domain Master/admin/class-admin-menu.php:104
Stack trace:
#0 /home/customer/www/affiliates.theitalianbureau.com/public_html/wp-includes/class-wp-hook.php(324): AFFCD_Admin_Menu->{closure}('')
#1 /home/customer/www/affiliates.theitalianbureau.com/public_html/wp-includes/class-wp-hook.php(348): WP_Hook->apply_filters(NULL, Array)
#2 /home/customer/www/affiliates.theitalianbureau.com/public_html/wp-includes/plugin.php(517): WP_Hook->do_action(Array)
#3 /home/customer/www/affiliates.theitalianbureau.com/public_html/wp-admin/admin.php(176): do_action('admin_init')
#4 {main}
  thrown in /home/customer/www/affiliates.theitalianbureau.com/public_html/wp-content/plugins/Affiliate Cross Domain Master/admin/class-admin-menu.php on line 104
[24-Sep-2025 12:36:29 UTC] PHP Fatal error:  Uncaught Error: Call to undefined method AFFCD_Admin_Menu::handle_admin_actions() in /home/customer/www/affiliates.theitalianbureau.com/public_html/wp-content/plugins/Affiliate Cross Domain Master/admin/class-admin-menu.php:104
Stack trace:
#0 /home/customer/www/affiliates.theitalianbureau.com/public_html/wp-includes/class-wp-hook.php(324): AFFCD_Admin_Menu->{closure}('')
#1 /home/customer/www/affiliates.theitalianbureau.com/public_html/wp-includes/class-wp-hook.php(348): WP_Hook->apply_filters(NULL, Array)
#2 /home/customer/www/affiliates.theitalianbureau.com/public_html/wp-includes/plugin.php(517): WP_Hook->do_action(Array)
#3 /home/customer/www/affiliates.theitalianbureau.com/public_html/wp-admin/admin.php(176): do_action('admin_init')
#4 {main}
  thrown in /home/customer/www/affiliates.theitalianbureau.com/public_html/wp-content/plugins/Affiliate Cross Domain Master/admin/class-admin-menu.php on line 104
[24-Sep-2025 12:36:32 UTC] PHP Fatal error:  Uncaught Error: Call to undefined method AFFCD_Admin_Menu::handle_admin_actions() in /home/customer/www/affiliates.theitalianbureau.com/public_html/wp-content/plugins/Affiliate Cross Domain Master/admin/class-admin-menu.php:104
Stack trace:
#0 /home/customer/www/affiliates.theitalianbureau.com/public_html/wp-includes/class-wp-hook.php(324): AFFCD_Admin_Menu->{closure}('')
#1 /home/customer/www/affiliates.theitalianbureau.com/public_html/wp-includes/class-wp-hook.php(348): WP_Hook->apply_filters(NULL, Array)
#2 /home/customer/www/affiliates.theitalianbureau.com/public_html/wp-includes/plugin.php(517): WP_Hook->do_action(Array)
#3 /home/customer/www/affiliates.theitalianbureau.com/public_html/wp-admin/admin.php(176): do_action('admin_init')
#4 {main}
  thrown in /home/customer/www/affiliates.theitalianbureau.com/public_html/wp-content/plugins/Affiliate Cross Domain Master/admin/class-admin-menu.php on line 104
[24-Sep-2025 12:36:34 UTC] PHP Fatal error:  Uncaught Error: Call to undefined method AFFCD_Admin_Menu::handle_admin_actions() in /home/customer/www/affiliates.theitalianbureau.com/public_html/wp-content/plugins/Affiliate Cross Domain Master/admin/class-admin-menu.php:104
Stack trace:
#0 /home/customer/www/affiliates.theitalianbureau.com/public_html/wp-includes/class-wp-hook.php(324): AFFCD_Admin_Menu->{closure}('')
#1 /home/customer/www/affiliates.theitalianbureau.com/public_html/wp-includes/class-wp-hook.php(348): WP_Hook->apply_filters(NULL, Array)
#2 /home/customer/www/affiliates.theitalianbureau.com/public_html/wp-includes/plugin.php(517): WP_Hook->do_action(Array)
#3 /home/customer/www/affiliates.theitalianbureau.com/public_html/wp-admin/admin.php(176): do_action('admin_init')
#4 {main}
  thrown in /home/customer/www/affiliates.theitalianbureau.com/public_html/wp-content/plugins/Affiliate Cross Domain Master/admin/class-admin-menu.php on line 104
[24-Sep-2025 12:37:33 UTC] PHP Fatal error:  Uncaught Error: Call to undefined method AFFCD_Admin_Menu::handle_admin_actions() in /home/customer/www/affiliates.theitalianbureau.com/public_html/wp-content/plugins/Affiliate Cross Domain Master/admin/class-admin-menu.php:104
Stack trace:
#0 /home/customer/www/affiliates.theitalianbureau.com/public_html/wp-includes/class-wp-hook.php(324): AFFCD_Admin_Menu->{closure}('')
#1 /home/customer/www/affiliates.theitalianbureau.com/public_html/wp-includes/class-wp-hook.php(348): WP_Hook->apply_filters(NULL, Array)
#2 /home/customer/www/affiliates.theitalianbureau.com/public_html/wp-includes/plugin.php(517): WP_Hook->do_action(Array)
#3 /home/customer/www/affiliates.theitalianbureau.com/public_html/wp-admin/admin.php(176): do_action('admin_init')
#4 {main}
  thrown in /home/customer/www/affiliates.theitalianbureau.com/public_html/wp-content/plugins/Affiliate Cross Domain Master/admin/class-admin-menu.php on line 104
[24-Sep-2025 12:37:36 UTC] PHP Fatal error:  Uncaught Error: Call to undefined method AFFCD_Admin_Menu::handle_admin_actions() in /home/customer/www/affiliates.theitalianbureau.com/public_html/wp-content/plugins/Affiliate Cross Domain Master/admin/class-admin-menu.php:104
Stack trace:
#0 /home/customer/www/affiliates.theitalianbureau.com/public_html/wp-includes/class-wp-hook.php(324): AFFCD_Admin_Menu->{closure}('')
#1 /home/customer/www/affiliates.theitalianbureau.com/public_html/wp-includes/class-wp-hook.php(348): WP_Hook->apply_filters(NULL, Array)
#2 /home/customer/www/affiliates.theitalianbureau.com/public_html/wp-includes/plugin.php(517): WP_Hook->do_action(Array)
#3 /home/customer/www/affiliates.theitalianbureau.com/public_html/wp-admin/admin.php(176): do_action('admin_init')
#4 {main}
  thrown in /home/customer/www/affiliates.theitalianbureau.com/public_html/wp-content/plugins/Affiliate Cross Domain Master/admin/class-admin-menu.php on line 104
[24-Sep-2025 12:39:44 UTC] PHP Fatal error:  Uncaught Error: Call to undefined method AFFCD_Admin_Menu::get_dashboard_statistics() in /home/customer/www/affiliates.theitalianbureau.com/public_html/wp-content/plugins/Affiliate Cross Domain Master/admin/class-admin-menu.php:296
Stack trace:
#0 /home/customer/www/affiliates.theitalianbureau.com/public_html/wp-includes/class-wp-hook.php(324): AFFCD_Admin_Menu->render_dashboard_page('')
#1 /home/customer/www/affiliates.theitalianbureau.com/public_html/wp-includes/class-wp-hook.php(348): WP_Hook->apply_filters('', Array)
#2 /home/customer/www/affiliates.theitalianbureau.com/public_html/wp-includes/plugin.php(517): WP_Hook->do_action(Array)
#3 /home/customer/www/affiliates.theitalianbureau.com/public_html/wp-admin/admin.php(260): do_action('toplevel_page_a...')
#4 {main}
  thrown in /home/customer/www/affiliates.theitalianbureau.com/public_html/wp-content/plugins/Affiliate Cross Domain Master/admin/class-admin-menu.php on line 296
[24-Sep-2025 12:39:52 UTC] PHP Fatal error:  Uncaught Error: Call to undefined method AFFCD_Vanity_Code_Manager::get_all_codes() in /home/customer/www/affiliates.theitalianbureau.com/public_html/wp-content/plugins/Affiliate Cross Domain Master/admin/class-admin-menu.php:525
Stack trace:
#0 /home/customer/www/affiliates.theitalianbureau.com/public_html/wp-includes/class-wp-hook.php(324): AFFCD_Admin_Menu->render_vanity_codes_page('')
#1 /home/customer/www/affiliates.theitalianbureau.com/public_html/wp-includes/class-wp-hook.php(348): WP_Hook->apply_filters('', Array)
#2 /home/customer/www/affiliates.theitalianbureau.com/public_html/wp-includes/plugin.php(517): WP_Hook->do_action(Array)
#3 /home/customer/www/affiliates.theitalianbureau.com/public_html/wp-admin/admin.php(260): do_action('cross-domain_pa...')
#4 {main}
  thrown in /home/customer/www/affiliates.theitalianbureau.com/public_html/wp-content/plugins/Affiliate Cross Domain Master/admin/class-admin-menu.php on line 525
[24-Sep-2025 12:39:58 UTC] PHP Fatal error:  Uncaught Error: Call to undefined method AFFCD_Database_Manager::get_authorized_domains() in /home/customer/www/affiliates.theitalianbureau.com/public_html/wp-content/plugins/Affiliate Cross Domain Master/admin/class-admin-menu.php:561
Stack trace:
#0 /home/customer/www/affiliates.theitalianbureau.com/public_html/wp-includes/class-wp-hook.php(324): AFFCD_Admin_Menu->render_domains_page('')
#1 /home/customer/www/affiliates.theitalianbureau.com/public_html/wp-includes/class-wp-hook.php(348): WP_Hook->apply_filters('', Array)
#2 /home/customer/www/affiliates.theitalianbureau.com/public_html/wp-includes/plugin.php(517): WP_Hook->do_action(Array)
#3 /home/customer/www/affiliates.theitalianbureau.com/public_html/wp-admin/admin.php(260): do_action('cross-domain_pa...')
#4 {main}
  thrown in /home/customer/www/affiliates.theitalianbureau.com/public_html/wp-content/plugins/Affiliate Cross Domain Master/admin/class-admin-menu.php on line 561
[24-Sep-2025 12:58:31 UTC] PHP Fatal error:  Uncaught Error: Call to undefined method AFFCD_Database_Manager::get_authorized_domains() in /home/customer/www/affiliates.theitalianbureau.com/public_html/wp-content/plugins/Affiliate Cross Domain Master/admin/class-admin-menu.php:561
Stack trace:
#0 /home/customer/www/affiliates.theitalianbureau.com/public_html/wp-includes/class-wp-hook.php(324): AFFCD_Admin_Menu->render_domains_page('')
#1 /home/customer/www/affiliates.theitalianbureau.com/public_html/wp-includes/class-wp-hook.php(348): WP_Hook->apply_filters('', Array)
#2 /home/customer/www/affiliates.theitalianbureau.com/public_html/wp-includes/plugin.php(517): WP_Hook->do_action(Array)
#3 /home/customer/www/affiliates.theitalianbureau.com/public_html/wp-admin/admin.php(260): do_action('cross-domain_pa...')
#4 {main}
  thrown in /home/customer/www/affiliates.theitalianbureau.com/public_html/wp-content/plugins/Affiliate Cross Domain Master/admin/class-admin-menu.php on line 561
[24-Sep-2025 12:58:36 UTC] PHP Fatal error:  Uncaught Error: Call to undefined method AFFCD_Vanity_Code_Manager::get_all_codes() in /home/customer/www/affiliates.theitalianbureau.com/public_html/wp-content/plugins/Affiliate Cross Domain Master/admin/class-admin-menu.php:525
Stack trace:
#0 /home/customer/www/affiliates.theitalianbureau.com/public_html/wp-includes/class-wp-hook.php(324): AFFCD_Admin_Menu->render_vanity_codes_page('')
#1 /home/customer/www/affiliates.theitalianbureau.com/public_html/wp-includes/class-wp-hook.php(348): WP_Hook->apply_filters('', Array)
#2 /home/customer/www/affiliates.theitalianbureau.com/public_html/wp-includes/plugin.php(517): WP_Hook->do_action(Array)
#3 /home/customer/www/affiliates.theitalianbureau.com/public_html/wp-admin/admin.php(260): do_action('cross-domain_pa...')
#4 {main}
  thrown in /home/customer/www/affiliates.theitalianbureau.com/public_html/wp-content/plugins/Affiliate Cross Domain Master/admin/class-admin-menu.php on line 525
[24-Sep-2025 12:58:38 UTC] PHP Fatal error:  Uncaught Error: Call to undefined method AFFCD_Vanity_Code_Manager::get_all_codes() in /home/customer/www/affiliates.theitalianbureau.com/public_html/wp-content/plugins/Affiliate Cross Domain Master/admin/class-admin-menu.php:525
Stack trace:
#0 /home/customer/www/affiliates.theitalianbureau.com/public_html/wp-includes/class-wp-hook.php(324): AFFCD_Admin_Menu->render_vanity_codes_page('')
#1 /home/customer/www/affiliates.theitalianbureau.com/public_html/wp-includes/class-wp-hook.php(348): WP_Hook->apply_filters('', Array)
#2 /home/customer/www/affiliates.theitalianbureau.com/public_html/wp-includes/plugin.php(517): WP_Hook->do_action(Array)
#3 /home/customer/www/affiliates.theitalianbureau.com/public_html/wp-admin/admin.php(260): do_action('cross-domain_pa...')
#4 {main}
  thrown in /home/customer/www/affiliates.theitalianbureau.com/public_html/wp-content/plugins/Affiliate Cross Domain Master/admin/class-admin-menu.php on line 525
[24-Sep-2025 12:58:40 UTC] PHP Fatal error:  Uncaught Error: Call to undefined method AFFCD_Admin_Menu::render_bulk_code_operations() in /home/customer/www/affiliates.theitalianbureau.com/public_html/wp-content/plugins/Affiliate Cross Domain Master/admin/class-admin-menu.php:638
Stack trace:
#0 /home/customer/www/affiliates.theitalianbureau.com/public_html/wp-includes/class-wp-hook.php(324): AFFCD_Admin_Menu->render_bulk_operations_page('')
#1 /home/customer/www/affiliates.theitalianbureau.com/public_html/wp-includes/class-wp-hook.php(348): WP_Hook->apply_filters('', Array)
#2 /home/customer/www/affiliates.theitalianbureau.com/public_html/wp-includes/plugin.php(517): WP_Hook->do_action(Array)
#3 /home/customer/www/affiliates.theitalianbureau.com/public_html/wp-admin/admin.php(260): do_action('cross-domain_pa...')
#4 {main}
  thrown in /home/customer/www/affiliates.theitalianbureau.com/public_html/wp-content/plugins/Affiliate Cross Domain Master/admin/class-admin-menu.php on line 638
[24-Sep-2025 12:58:47 UTC] PHP Fatal error:  Uncaught Error: Call to undefined method AFFCD_Admin_Menu::render_general_settings() in /home/customer/www/affiliates.theitalianbureau.com/public_html/wp-content/plugins/Affiliate Cross Domain Master/admin/class-admin-menu.php:710
Stack trace:
#0 /home/customer/www/affiliates.theitalianbureau.com/public_html/wp-includes/class-wp-hook.php(324): AFFCD_Admin_Menu->render_settings_page('')
#1 /home/customer/www/affiliates.theitalianbureau.com/public_html/wp-includes/class-wp-hook.php(348): WP_Hook->apply_filters('', Array)
#2 /home/customer/www/affiliates.theitalianbureau.com/public_html/wp-includes/plugin.php(517): WP_Hook->do_action(Array)
#3 /home/customer/www/affiliates.theitalianbureau.com/public_html/wp-admin/admin.php(260): do_action('cross-domain_pa...')
#4 {main}
  thrown in /home/customer/www/affiliates.theitalianbureau.com/public_html/wp-content/plugins/Affiliate Cross Domain Master/admin/class-admin-menu.php on line 710
[24-Sep-2025 13:11:03 UTC] WordPress database error Unknown column 'source_ip' in 'field list' for query SELECT source_ip, COUNT(*) as event_count, 
                    COUNT(DISTINCT event_type) as event_types
             FROM xrq_affcd_security_logs 
             WHERE created_at >= DATE_SUB(NOW(), INTERVAL 24 HOUR)
               AND severity IN ('medium', 'high', 'critical')
             GROUP BY source_ip 
             HAVING event_count > 10 OR event_types > 3
             ORDER BY event_count DESC made by do_action_ref_array('affcd_analyze_fraud_patterns'), WP_Hook->do_action, WP_Hook->apply_filters, AFFCD_Security_Manager->analyze_fraud_patterns
[24-Sep-2025 13:11:03 UTC] WordPress database error Unknown column 'source_ip' in 'field list' for query INSERT INTO `xrq_affcd_security_logs` (`event_type`, `severity`, `source_ip`, `user_id`, `domain`, `user_agent`, `event_data`, `context_data`) VALUES ('fraud_analysis_completed', 'low', '35.215.83.183', NULL, 'affiliates.theitalianbureau.com', 'WordPress/6.8.2; https://affiliates.theitalianbureau.com', '{\"suspicious_ips\":0,\"suspicious_domains\":0}', '[]') made by do_action_ref_array('affcd_analyze_fraud_patterns'), WP_Hook->do_action, WP_Hook->apply_filters, AFFCD_Security_Manager->analyze_fraud_patterns, AFFCD_Security_Manager->log_security_event
[24-Sep-2025 13:11:03 UTC] WordPress database error Unknown column 'source_ip' in 'field list' for query SELECT source_ip, COUNT(*) as event_count, 
                    COUNT(DISTINCT event_type) as event_types
             FROM xrq_affcd_security_logs 
             WHERE created_at >= DATE_SUB(NOW(), INTERVAL 24 HOUR)
               AND severity IN ('medium', 'high', 'critical')
             GROUP BY source_ip 
             HAVING event_count > 10 OR event_types > 3
             ORDER BY event_count DESC made by do_action_ref_array('affcd_analyze_fraud_patterns'), WP_Hook->do_action, WP_Hook->apply_filters, AFFCD_Security_Manager->analyze_fraud_patterns
[24-Sep-2025 13:11:03 UTC] WordPress database error Unknown column 'source_ip' in 'field list' for query INSERT INTO `xrq_affcd_security_logs` (`event_type`, `severity`, `source_ip`, `user_id`, `domain`, `user_agent`, `event_data`, `context_data`) VALUES ('fraud_analysis_completed', 'low', '35.215.83.183', NULL, 'affiliates.theitalianbureau.com', 'WordPress/6.8.2; https://affiliates.theitalianbureau.com', '{\"suspicious_ips\":0,\"suspicious_domains\":0}', '[]') made by do_action_ref_array('affcd_analyze_fraud_patterns'), WP_Hook->do_action, WP_Hook->apply_filters, AFFCD_Security_Manager->analyze_fraud_patterns, AFFCD_Security_Manager->log_security_event
[24-Sep-2025 14:11:32 UTC] WordPress database error Unknown column 'source_ip' in 'field list' for query SELECT source_ip, COUNT(*) as event_count, 
                    COUNT(DISTINCT event_type) as event_types
             FROM xrq_affcd_security_logs 
             WHERE created_at >= DATE_SUB(NOW(), INTERVAL 24 HOUR)
               AND severity IN ('medium', 'high', 'critical')
             GROUP BY source_ip 
             HAVING event_count > 10 OR event_types > 3
             ORDER BY event_count DESC made by do_action_ref_array('affcd_analyze_fraud_patterns'), WP_Hook->do_action, WP_Hook->apply_filters, AFFCD_Security_Manager->analyze_fraud_patterns
[24-Sep-2025 14:11:32 UTC] WordPress database error Unknown column 'source_ip' in 'field list' for query INSERT INTO `xrq_affcd_security_logs` (`event_type`, `severity`, `source_ip`, `user_id`, `domain`, `user_agent`, `event_data`, `context_data`) VALUES ('fraud_analysis_completed', 'low', '35.215.83.183', NULL, 'affiliates.theitalianbureau.com', 'WordPress/6.8.2; https://affiliates.theitalianbureau.com', '{\"suspicious_ips\":0,\"suspicious_domains\":0}', '[]') made by do_action_ref_array('affcd_analyze_fraud_patterns'), WP_Hook->do_action, WP_Hook->apply_filters, AFFCD_Security_Manager->analyze_fraud_patterns, AFFCD_Security_Manager->log_security_event
[24-Sep-2025 14:11:32 UTC] WordPress database error Unknown column 'source_ip' in 'field list' for query SELECT source_ip, COUNT(*) as event_count, 
                    COUNT(DISTINCT event_type) as event_types
             FROM xrq_affcd_security_logs 
             WHERE created_at >= DATE_SUB(NOW(), INTERVAL 24 HOUR)
               AND severity IN ('medium', 'high', 'critical')
             GROUP BY source_ip 
             HAVING event_count > 10 OR event_types > 3
             ORDER BY event_count DESC made by do_action_ref_array('affcd_analyze_fraud_patterns'), WP_Hook->do_action, WP_Hook->apply_filters, AFFCD_Security_Manager->analyze_fraud_patterns
[24-Sep-2025 14:11:32 UTC] WordPress database error Unknown column 'source_ip' in 'field list' for query INSERT INTO `xrq_affcd_security_logs` (`event_type`, `severity`, `source_ip`, `user_id`, `domain`, `user_agent`, `event_data`, `context_data`) VALUES ('fraud_analysis_completed', 'low', '35.215.83.183', NULL, 'affiliates.theitalianbureau.com', 'WordPress/6.8.2; https://affiliates.theitalianbureau.com', '{\"suspicious_ips\":0,\"suspicious_domains\":0}', '[]') made by do_action_ref_array('affcd_analyze_fraud_patterns'), WP_Hook->do_action, WP_Hook->apply_filters, AFFCD_Security_Manager->analyze_fraud_patterns, AFFCD_Security_Manager->log_security_event
[24-Sep-2025 15:09:55 UTC] WordPress database error Unknown column 'source_ip' in 'field list' for query SELECT source_ip, COUNT(*) as event_count, 
                    COUNT(DISTINCT event_type) as event_types
             FROM xrq_affcd_security_logs 
             WHERE created_at >= DATE_SUB(NOW(), INTERVAL 24 HOUR)
               AND severity IN ('medium', 'high', 'critical')
             GROUP BY source_ip 
             HAVING event_count > 10 OR event_types > 3
             ORDER BY event_count DESC made by do_action_ref_array('affcd_analyze_fraud_patterns'), WP_Hook->do_action, WP_Hook->apply_filters, AFFCD_Security_Manager->analyze_fraud_patterns
[24-Sep-2025 15:09:55 UTC] WordPress database error Unknown column 'source_ip' in 'field list' for query INSERT INTO `xrq_affcd_security_logs` (`event_type`, `severity`, `source_ip`, `user_id`, `domain`, `user_agent`, `event_data`, `context_data`) VALUES ('fraud_analysis_completed', 'low', '35.215.83.183', NULL, 'affiliates.theitalianbureau.com', 'WordPress/6.8.2; https://affiliates.theitalianbureau.com', '{\"suspicious_ips\":0,\"suspicious_domains\":0}', '[]') made by do_action_ref_array('affcd_analyze_fraud_patterns'), WP_Hook->do_action, WP_Hook->apply_filters, AFFCD_Security_Manager->analyze_fraud_patterns, AFFCD_Security_Manager->log_security_event
[24-Sep-2025 15:09:55 UTC] WordPress database error Unknown column 'source_ip' in 'field list' for query SELECT source_ip, COUNT(*) as event_count, 
                    COUNT(DISTINCT event_type) as event_types
             FROM xrq_affcd_security_logs 
             WHERE created_at >= DATE_SUB(NOW(), INTERVAL 24 HOUR)
               AND severity IN ('medium', 'high', 'critical')
             GROUP BY source_ip 
             HAVING event_count > 10 OR event_types > 3
             ORDER BY event_count DESC made by do_action_ref_array('affcd_analyze_fraud_patterns'), WP_Hook->do_action, WP_Hook->apply_filters, AFFCD_Security_Manager->analyze_fraud_patterns
[24-Sep-2025 15:09:55 UTC] WordPress database error Unknown column 'source_ip' in 'field list' for query INSERT INTO `xrq_affcd_security_logs` (`event_type`, `severity`, `source_ip`, `user_id`, `domain`, `user_agent`, `event_data`, `context_data`) VALUES ('fraud_analysis_completed', 'low', '35.215.83.183', NULL, 'affiliates.theitalianbureau.com', 'WordPress/6.8.2; https://affiliates.theitalianbureau.com', '{\"suspicious_ips\":0,\"suspicious_domains\":0}', '[]') made by do_action_ref_array('affcd_analyze_fraud_patterns'), WP_Hook->do_action, WP_Hook->apply_filters, AFFCD_Security_Manager->analyze_fraud_patterns, AFFCD_Security_Manager->log_security_event
[24-Sep-2025 16:10:19 UTC] WordPress database error Unknown column 'source_ip' in 'field list' for query SELECT source_ip, COUNT(*) as event_count, 
                    COUNT(DISTINCT event_type) as event_types
             FROM xrq_affcd_security_logs 
             WHERE created_at >= DATE_SUB(NOW(), INTERVAL 24 HOUR)
               AND severity IN ('medium', 'high', 'critical')
             GROUP BY source_ip 
             HAVING event_count > 10 OR event_types > 3
             ORDER BY event_count DESC made by do_action_ref_array('affcd_analyze_fraud_patterns'), WP_Hook->do_action, WP_Hook->apply_filters, AFFCD_Security_Manager->analyze_fraud_patterns
[24-Sep-2025 16:10:19 UTC] WordPress database error Unknown column 'source_ip' in 'field list' for query INSERT INTO `xrq_affcd_security_logs` (`event_type`, `severity`, `source_ip`, `user_id`, `domain`, `user_agent`, `event_data`, `context_data`) VALUES ('fraud_analysis_completed', 'low', '35.215.83.183', NULL, 'affiliates.theitalianbureau.com', 'WordPress/6.8.2; https://affiliates.theitalianbureau.com', '{\"suspicious_ips\":0,\"suspicious_domains\":0}', '[]') made by do_action_ref_array('affcd_analyze_fraud_patterns'), WP_Hook->do_action, WP_Hook->apply_filters, AFFCD_Security_Manager->analyze_fraud_patterns, AFFCD_Security_Manager->log_security_event
[24-Sep-2025 16:10:19 UTC] WordPress database error Unknown column 'source_ip' in 'field list' for query SELECT source_ip, COUNT(*) as event_count, 
                    COUNT(DISTINCT event_type) as event_types
             FROM xrq_affcd_security_logs 
             WHERE created_at >= DATE_SUB(NOW(), INTERVAL 24 HOUR)
               AND severity IN ('medium', 'high', 'critical')
             GROUP BY source_ip 
             HAVING event_count > 10 OR event_types > 3
             ORDER BY event_count DESC made by do_action_ref_array('affcd_analyze_fraud_patterns'), WP_Hook->do_action, WP_Hook->apply_filters, AFFCD_Security_Manager->analyze_fraud_patterns
[24-Sep-2025 16:10:19 UTC] WordPress database error Unknown column 'source_ip' in 'field list' for query INSERT INTO `xrq_affcd_security_logs` (`event_type`, `severity`, `source_ip`, `user_id`, `domain`, `user_agent`, `event_data`, `context_data`) VALUES ('fraud_analysis_completed', 'low', '35.215.83.183', NULL, 'affiliates.theitalianbureau.com', 'WordPress/6.8.2; https://affiliates.theitalianbureau.com', '{\"suspicious_ips\":0,\"suspicious_domains\":0}', '[]') made by do_action_ref_array('affcd_analyze_fraud_patterns'), WP_Hook->do_action, WP_Hook->apply_filters, AFFCD_Security_Manager->analyze_fraud_patterns, AFFCD_Security_Manager->log_security_event
[24-Sep-2025 17:10:49 UTC] WordPress database error Unknown column 'source_ip' in 'field list' for query SELECT source_ip, COUNT(*) as event_count, 
                    COUNT(DISTINCT event_type) as event_types
             FROM xrq_affcd_security_logs 
             WHERE created_at >= DATE_SUB(NOW(), INTERVAL 24 HOUR)
               AND severity IN ('medium', 'high', 'critical')
             GROUP BY source_ip 
             HAVING event_count > 10 OR event_types > 3
             ORDER BY event_count DESC made by do_action_ref_array('affcd_analyze_fraud_patterns'), WP_Hook->do_action, WP_Hook->apply_filters, AFFCD_Security_Manager->analyze_fraud_patterns
[24-Sep-2025 17:10:49 UTC] WordPress database error Unknown column 'source_ip' in 'field list' for query INSERT INTO `xrq_affcd_security_logs` (`event_type`, `severity`, `source_ip`, `user_id`, `domain`, `user_agent`, `event_data`, `context_data`) VALUES ('fraud_analysis_completed', 'low', '35.215.83.183', NULL, 'affiliates.theitalianbureau.com', 'WordPress/6.8.2; https://affiliates.theitalianbureau.com', '{\"suspicious_ips\":0,\"suspicious_domains\":0}', '[]') made by do_action_ref_array('affcd_analyze_fraud_patterns'), WP_Hook->do_action, WP_Hook->apply_filters, AFFCD_Security_Manager->analyze_fraud_patterns, AFFCD_Security_Manager->log_security_event
[24-Sep-2025 17:10:49 UTC] WordPress database error Unknown column 'source_ip' in 'field list' for query SELECT source_ip, COUNT(*) as event_count, 
                    COUNT(DISTINCT event_type) as event_types
             FROM xrq_affcd_security_logs 
             WHERE created_at >= DATE_SUB(NOW(), INTERVAL 24 HOUR)
               AND severity IN ('medium', 'high', 'critical')
             GROUP BY source_ip 
             HAVING event_count > 10 OR event_types > 3
             ORDER BY event_count DESC made by do_action_ref_array('affcd_analyze_fraud_patterns'), WP_Hook->do_action, WP_Hook->apply_filters, AFFCD_Security_Manager->analyze_fraud_patterns
[24-Sep-2025 17:10:49 UTC] WordPress database error Unknown column 'source_ip' in 'field list' for query INSERT INTO `xrq_affcd_security_logs` (`event_type`, `severity`, `source_ip`, `user_id`, `domain`, `user_agent`, `event_data`, `context_data`) VALUES ('fraud_analysis_completed', 'low', '35.215.83.183', NULL, 'affiliates.theitalianbureau.com', 'WordPress/6.8.2; https://affiliates.theitalianbureau.com', '{\"suspicious_ips\":0,\"suspicious_domains\":0}', '[]') made by do_action_ref_array('affcd_analyze_fraud_patterns'), WP_Hook->do_action, WP_Hook->apply_filters, AFFCD_Security_Manager->analyze_fraud_patterns, AFFCD_Security_Manager->log_security_event
[24-Sep-2025 18:11:18 UTC] WordPress database error Unknown column 'source_ip' in 'field list' for query SELECT source_ip, COUNT(*) as event_count, 
                    COUNT(DISTINCT event_type) as event_types
             FROM xrq_affcd_security_logs 
             WHERE created_at >= DATE_SUB(NOW(), INTERVAL 24 HOUR)
               AND severity IN ('medium', 'high', 'critical')
             GROUP BY source_ip 
             HAVING event_count > 10 OR event_types > 3
             ORDER BY event_count DESC made by do_action_ref_array('affcd_analyze_fraud_patterns'), WP_Hook->do_action, WP_Hook->apply_filters, AFFCD_Security_Manager->analyze_fraud_patterns
[24-Sep-2025 18:11:18 UTC] WordPress database error Unknown column 'source_ip' in 'field list' for query INSERT INTO `xrq_affcd_security_logs` (`event_type`, `severity`, `source_ip`, `user_id`, `domain`, `user_agent`, `event_data`, `context_data`) VALUES ('fraud_analysis_completed', 'low', '35.215.83.183', NULL, 'affiliates.theitalianbureau.com', 'WordPress/6.8.2; https://affiliates.theitalianbureau.com', '{\"suspicious_ips\":0,\"suspicious_domains\":0}', '[]') made by do_action_ref_array('affcd_analyze_fraud_patterns'), WP_Hook->do_action, WP_Hook->apply_filters, AFFCD_Security_Manager->analyze_fraud_patterns, AFFCD_Security_Manager->log_security_event
[24-Sep-2025 18:11:18 UTC] WordPress database error Unknown column 'source_ip' in 'field list' for query SELECT source_ip, COUNT(*) as event_count, 
                    COUNT(DISTINCT event_type) as event_types
             FROM xrq_affcd_security_logs 
             WHERE created_at >= DATE_SUB(NOW(), INTERVAL 24 HOUR)
               AND severity IN ('medium', 'high', 'critical')
             GROUP BY source_ip 
             HAVING event_count > 10 OR event_types > 3
             ORDER BY event_count DESC made by do_action_ref_array('affcd_analyze_fraud_patterns'), WP_Hook->do_action, WP_Hook->apply_filters, AFFCD_Security_Manager->analyze_fraud_patterns
[24-Sep-2025 18:11:18 UTC] WordPress database error Unknown column 'source_ip' in 'field list' for query INSERT INTO `xrq_affcd_security_logs` (`event_type`, `severity`, `source_ip`, `user_id`, `domain`, `user_agent`, `event_data`, `context_data`) VALUES ('fraud_analysis_completed', 'low', '35.215.83.183', NULL, 'affiliates.theitalianbureau.com', 'WordPress/6.8.2; https://affiliates.theitalianbureau.com', '{\"suspicious_ips\":0,\"suspicious_domains\":0}', '[]') made by do_action_ref_array('affcd_analyze_fraud_patterns'), WP_Hook->do_action, WP_Hook->apply_filters, AFFCD_Security_Manager->analyze_fraud_patterns, AFFCD_Security_Manager->log_security_event
[24-Sep-2025 19:09:47 UTC] WordPress database error Unknown column 'source_ip' in 'field list' for query SELECT source_ip, COUNT(*) as event_count, 
                    COUNT(DISTINCT event_type) as event_types
             FROM xrq_affcd_security_logs 
             WHERE created_at >= DATE_SUB(NOW(), INTERVAL 24 HOUR)
               AND severity IN ('medium', 'high', 'critical')
             GROUP BY source_ip 
             HAVING event_count > 10 OR event_types > 3
             ORDER BY event_count DESC made by do_action_ref_array('affcd_analyze_fraud_patterns'), WP_Hook->do_action, WP_Hook->apply_filters, AFFCD_Security_Manager->analyze_fraud_patterns
[24-Sep-2025 19:09:47 UTC] WordPress database error Unknown column 'source_ip' in 'field list' for query INSERT INTO `xrq_affcd_security_logs` (`event_type`, `severity`, `source_ip`, `user_id`, `domain`, `user_agent`, `event_data`, `context_data`) VALUES ('fraud_analysis_completed', 'low', '35.215.83.183', NULL, 'affiliates.theitalianbureau.com', 'WordPress/6.8.2; https://affiliates.theitalianbureau.com', '{\"suspicious_ips\":0,\"suspicious_domains\":0}', '[]') made by do_action_ref_array('affcd_analyze_fraud_patterns'), WP_Hook->do_action, WP_Hook->apply_filters, AFFCD_Security_Manager->analyze_fraud_patterns, AFFCD_Security_Manager->log_security_event
[24-Sep-2025 19:09:47 UTC] WordPress database error Unknown column 'source_ip' in 'field list' for query SELECT source_ip, COUNT(*) as event_count, 
                    COUNT(DISTINCT event_type) as event_types
             FROM xrq_affcd_security_logs 
             WHERE created_at >= DATE_SUB(NOW(), INTERVAL 24 HOUR)
               AND severity IN ('medium', 'high', 'critical')
             GROUP BY source_ip 
             HAVING event_count > 10 OR event_types > 3
             ORDER BY event_count DESC made by do_action_ref_array('affcd_analyze_fraud_patterns'), WP_Hook->do_action, WP_Hook->apply_filters, AFFCD_Security_Manager->analyze_fraud_patterns
[24-Sep-2025 19:09:47 UTC] WordPress database error Unknown column 'source_ip' in 'field list' for query INSERT INTO `xrq_affcd_security_logs` (`event_type`, `severity`, `source_ip`, `user_id`, `domain`, `user_agent`, `event_data`, `context_data`) VALUES ('fraud_analysis_completed', 'low', '35.215.83.183', NULL, 'affiliates.theitalianbureau.com', 'WordPress/6.8.2; https://affiliates.theitalianbureau.com', '{\"suspicious_ips\":0,\"suspicious_domains\":0}', '[]') made by do_action_ref_array('affcd_analyze_fraud_patterns'), WP_Hook->do_action, WP_Hook->apply_filters, AFFCD_Security_Manager->analyze_fraud_patterns, AFFCD_Security_Manager->log_security_event
[24-Sep-2025 20:10:15 UTC] WordPress database error Unknown column 'source_ip' in 'field list' for query SELECT source_ip, COUNT(*) as event_count, 
                    COUNT(DISTINCT event_type) as event_types
             FROM xrq_affcd_security_logs 
             WHERE created_at >= DATE_SUB(NOW(), INTERVAL 24 HOUR)
               AND severity IN ('medium', 'high', 'critical')
             GROUP BY source_ip 
             HAVING event_count > 10 OR event_types > 3
             ORDER BY event_count DESC made by do_action_ref_array('affcd_analyze_fraud_patterns'), WP_Hook->do_action, WP_Hook->apply_filters, AFFCD_Security_Manager->analyze_fraud_patterns
[24-Sep-2025 20:10:15 UTC] WordPress database error Unknown column 'source_ip' in 'field list' for query INSERT INTO `xrq_affcd_security_logs` (`event_type`, `severity`, `source_ip`, `user_id`, `domain`, `user_agent`, `event_data`, `context_data`) VALUES ('fraud_analysis_completed', 'low', '35.215.83.183', NULL, 'affiliates.theitalianbureau.com', 'WordPress/6.8.2; https://affiliates.theitalianbureau.com', '{\"suspicious_ips\":0,\"suspicious_domains\":0}', '[]') made by do_action_ref_array('affcd_analyze_fraud_patterns'), WP_Hook->do_action, WP_Hook->apply_filters, AFFCD_Security_Manager->analyze_fraud_patterns, AFFCD_Security_Manager->log_security_event
[24-Sep-2025 20:10:15 UTC] WordPress database error Unknown column 'source_ip' in 'field list' for query SELECT source_ip, COUNT(*) as event_count, 
                    COUNT(DISTINCT event_type) as event_types
             FROM xrq_affcd_security_logs 
             WHERE created_at >= DATE_SUB(NOW(), INTERVAL 24 HOUR)
               AND severity IN ('medium', 'high', 'critical')
             GROUP BY source_ip 
             HAVING event_count > 10 OR event_types > 3
             ORDER BY event_count DESC made by do_action_ref_array('affcd_analyze_fraud_patterns'), WP_Hook->do_action, WP_Hook->apply_filters, AFFCD_Security_Manager->analyze_fraud_patterns
[24-Sep-2025 20:10:15 UTC] WordPress database error Unknown column 'source_ip' in 'field list' for query INSERT INTO `xrq_affcd_security_logs` (`event_type`, `severity`, `source_ip`, `user_id`, `domain`, `user_agent`, `event_data`, `context_data`) VALUES ('fraud_analysis_completed', 'low', '35.215.83.183', NULL, 'affiliates.theitalianbureau.com', 'WordPress/6.8.2; https://affiliates.theitalianbureau.com', '{\"suspicious_ips\":0,\"suspicious_domains\":0}', '[]') made by do_action_ref_array('affcd_analyze_fraud_patterns'), WP_Hook->do_action, WP_Hook->apply_filters, AFFCD_Security_Manager->analyze_fraud_patterns, AFFCD_Security_Manager->log_security_event
[24-Sep-2025 21:10:45 UTC] WordPress database error Unknown column 'source_ip' in 'field list' for query SELECT source_ip, COUNT(*) as event_count, 
                    COUNT(DISTINCT event_type) as event_types
             FROM xrq_affcd_security_logs 
             WHERE created_at >= DATE_SUB(NOW(), INTERVAL 24 HOUR)
               AND severity IN ('medium', 'high', 'critical')
             GROUP BY source_ip 
             HAVING event_count > 10 OR event_types > 3
             ORDER BY event_count DESC made by do_action_ref_array('affcd_analyze_fraud_patterns'), WP_Hook->do_action, WP_Hook->apply_filters, AFFCD_Security_Manager->analyze_fraud_patterns
[24-Sep-2025 21:10:45 UTC] WordPress database error Unknown column 'source_ip' in 'field list' for query INSERT INTO `xrq_affcd_security_logs` (`event_type`, `severity`, `source_ip`, `user_id`, `domain`, `user_agent`, `event_data`, `context_data`) VALUES ('fraud_analysis_completed', 'low', '35.215.83.183', NULL, 'affiliates.theitalianbureau.com', 'WordPress/6.8.2; https://affiliates.theitalianbureau.com', '{\"suspicious_ips\":0,\"suspicious_domains\":0}', '[]') made by do_action_ref_array('affcd_analyze_fraud_patterns'), WP_Hook->do_action, WP_Hook->apply_filters, AFFCD_Security_Manager->analyze_fraud_patterns, AFFCD_Security_Manager->log_security_event
[24-Sep-2025 21:10:45 UTC] WordPress database error Unknown column 'source_ip' in 'field list' for query SELECT source_ip, COUNT(*) as event_count, 
                    COUNT(DISTINCT event_type) as event_types
             FROM xrq_affcd_security_logs 
             WHERE created_at >= DATE_SUB(NOW(), INTERVAL 24 HOUR)
               AND severity IN ('medium', 'high', 'critical')
             GROUP BY source_ip 
             HAVING event_count > 10 OR event_types > 3
             ORDER BY event_count DESC made by do_action_ref_array('affcd_analyze_fraud_patterns'), WP_Hook->do_action, WP_Hook->apply_filters, AFFCD_Security_Manager->analyze_fraud_patterns
[24-Sep-2025 21:10:45 UTC] WordPress database error Unknown column 'source_ip' in 'field list' for query INSERT INTO `xrq_affcd_security_logs` (`event_type`, `severity`, `source_ip`, `user_id`, `domain`, `user_agent`, `event_data`, `context_data`) VALUES ('fraud_analysis_completed', 'low', '35.215.83.183', NULL, 'affiliates.theitalianbureau.com', 'WordPress/6.8.2; https://affiliates.theitalianbureau.com', '{\"suspicious_ips\":0,\"suspicious_domains\":0}', '[]') made by do_action_ref_array('affcd_analyze_fraud_patterns'), WP_Hook->do_action, WP_Hook->apply_filters, AFFCD_Security_Manager->analyze_fraud_patterns, AFFCD_Security_Manager->log_security_event
[24-Sep-2025 22:11:15 UTC] WordPress database error Unknown column 'source_ip' in 'field list' for query SELECT source_ip, COUNT(*) as event_count, 
                    COUNT(DISTINCT event_type) as event_types
             FROM xrq_affcd_security_logs 
             WHERE created_at >= DATE_SUB(NOW(), INTERVAL 24 HOUR)
               AND severity IN ('medium', 'high', 'critical')
             GROUP BY source_ip 
             HAVING event_count > 10 OR event_types > 3
             ORDER BY event_count DESC made by do_action_ref_array('affcd_analyze_fraud_patterns'), WP_Hook->do_action, WP_Hook->apply_filters, AFFCD_Security_Manager->analyze_fraud_patterns
[24-Sep-2025 22:11:15 UTC] WordPress database error Unknown column 'source_ip' in 'field list' for query INSERT INTO `xrq_affcd_security_logs` (`event_type`, `severity`, `source_ip`, `user_id`, `domain`, `user_agent`, `event_data`, `context_data`) VALUES ('fraud_analysis_completed', 'low', '35.215.83.183', NULL, 'affiliates.theitalianbureau.com', 'WordPress/6.8.2; https://affiliates.theitalianbureau.com', '{\"suspicious_ips\":0,\"suspicious_domains\":0}', '[]') made by do_action_ref_array('affcd_analyze_fraud_patterns'), WP_Hook->do_action, WP_Hook->apply_filters, AFFCD_Security_Manager->analyze_fraud_patterns, AFFCD_Security_Manager->log_security_event
[24-Sep-2025 22:11:15 UTC] WordPress database error Unknown column 'source_ip' in 'field list' for query SELECT source_ip, COUNT(*) as event_count, 
                    COUNT(DISTINCT event_type) as event_types
             FROM xrq_affcd_security_logs 
             WHERE created_at >= DATE_SUB(NOW(), INTERVAL 24 HOUR)
               AND severity IN ('medium', 'high', 'critical')
             GROUP BY source_ip 
             HAVING event_count > 10 OR event_types > 3
             ORDER BY event_count DESC made by do_action_ref_array('affcd_analyze_fraud_patterns'), WP_Hook->do_action, WP_Hook->apply_filters, AFFCD_Security_Manager->analyze_fraud_patterns
[24-Sep-2025 22:11:15 UTC] WordPress database error Unknown column 'source_ip' in 'field list' for query INSERT INTO `xrq_affcd_security_logs` (`event_type`, `severity`, `source_ip`, `user_id`, `domain`, `user_agent`, `event_data`, `context_data`) VALUES ('fraud_analysis_completed', 'low', '35.215.83.183', NULL, 'affiliates.theitalianbureau.com', 'WordPress/6.8.2; https://affiliates.theitalianbureau.com', '{\"suspicious_ips\":0,\"suspicious_domains\":0}', '[]') made by do_action_ref_array('affcd_analyze_fraud_patterns'), WP_Hook->do_action, WP_Hook->apply_filters, AFFCD_Security_Manager->analyze_fraud_patterns, AFFCD_Security_Manager->log_security_event
[24-Sep-2025 23:09:44 UTC] WordPress database error Unknown column 'source_ip' in 'field list' for query SELECT source_ip, COUNT(*) as event_count, 
                    COUNT(DISTINCT event_type) as event_types
             FROM xrq_affcd_security_logs 
             WHERE created_at >= DATE_SUB(NOW(), INTERVAL 24 HOUR)
               AND severity IN ('medium', 'high', 'critical')
             GROUP BY source_ip 
             HAVING event_count > 10 OR event_types > 3
             ORDER BY event_count DESC made by do_action_ref_array('affcd_analyze_fraud_patterns'), WP_Hook->do_action, WP_Hook->apply_filters, AFFCD_Security_Manager->analyze_fraud_patterns
[24-Sep-2025 23:09:44 UTC] WordPress database error Unknown column 'source_ip' in 'field list' for query INSERT INTO `xrq_affcd_security_logs` (`event_type`, `severity`, `source_ip`, `user_id`, `domain`, `user_agent`, `event_data`, `context_data`) VALUES ('fraud_analysis_completed', 'low', '35.215.83.183', NULL, 'affiliates.theitalianbureau.com', 'WordPress/6.8.2; https://affiliates.theitalianbureau.com', '{\"suspicious_ips\":0,\"suspicious_domains\":0}', '[]') made by do_action_ref_array('affcd_analyze_fraud_patterns'), WP_Hook->do_action, WP_Hook->apply_filters, AFFCD_Security_Manager->analyze_fraud_patterns, AFFCD_Security_Manager->log_security_event
[24-Sep-2025 23:09:44 UTC] WordPress database error Unknown column 'source_ip' in 'field list' for query SELECT source_ip, COUNT(*) as event_count, 
                    COUNT(DISTINCT event_type) as event_types
             FROM xrq_affcd_security_logs 
             WHERE created_at >= DATE_SUB(NOW(), INTERVAL 24 HOUR)
               AND severity IN ('medium', 'high', 'critical')
             GROUP BY source_ip 
             HAVING event_count > 10 OR event_types > 3
             ORDER BY event_count DESC made by do_action_ref_array('affcd_analyze_fraud_patterns'), WP_Hook->do_action, WP_Hook->apply_filters, AFFCD_Security_Manager->analyze_fraud_patterns
[24-Sep-2025 23:09:44 UTC] WordPress database error Unknown column 'source_ip' in 'field list' for query INSERT INTO `xrq_affcd_security_logs` (`event_type`, `severity`, `source_ip`, `user_id`, `domain`, `user_agent`, `event_data`, `context_data`) VALUES ('fraud_analysis_completed', 'low', '35.215.83.183', NULL, 'affiliates.theitalianbureau.com', 'WordPress/6.8.2; https://affiliates.theitalianbureau.com', '{\"suspicious_ips\":0,\"suspicious_domains\":0}', '[]') made by do_action_ref_array('affcd_analyze_fraud_patterns'), WP_Hook->do_action, WP_Hook->apply_filters, AFFCD_Security_Manager->analyze_fraud_patterns, AFFCD_Security_Manager->log_security_event
[25-Sep-2025 00:10:14 UTC] WordPress database error Unknown column 'source_ip' in 'field list' for query SELECT source_ip, COUNT(*) as event_count, 
                    COUNT(DISTINCT event_type) as event_types
             FROM xrq_affcd_security_logs 
             WHERE created_at >= DATE_SUB(NOW(), INTERVAL 24 HOUR)
               AND severity IN ('medium', 'high', 'critical')
             GROUP BY source_ip 
             HAVING event_count > 10 OR event_types > 3
             ORDER BY event_count DESC made by do_action_ref_array('affcd_analyze_fraud_patterns'), WP_Hook->do_action, WP_Hook->apply_filters, AFFCD_Security_Manager->analyze_fraud_patterns
[25-Sep-2025 00:10:14 UTC] WordPress database error Unknown column 'source_ip' in 'field list' for query INSERT INTO `xrq_affcd_security_logs` (`event_type`, `severity`, `source_ip`, `user_id`, `domain`, `user_agent`, `event_data`, `context_data`) VALUES ('fraud_analysis_completed', 'low', '35.215.83.183', NULL, 'affiliates.theitalianbureau.com', 'WordPress/6.8.2; https://affiliates.theitalianbureau.com', '{\"suspicious_ips\":0,\"suspicious_domains\":0}', '[]') made by do_action_ref_array('affcd_analyze_fraud_patterns'), WP_Hook->do_action, WP_Hook->apply_filters, AFFCD_Security_Manager->analyze_fraud_patterns, AFFCD_Security_Manager->log_security_event
[25-Sep-2025 00:10:14 UTC] WordPress database error Unknown column 'source_ip' in 'field list' for query SELECT source_ip, COUNT(*) as event_count, 
                    COUNT(DISTINCT event_type) as event_types
             FROM xrq_affcd_security_logs 
             WHERE created_at >= DATE_SUB(NOW(), INTERVAL 24 HOUR)
               AND severity IN ('medium', 'high', 'critical')
             GROUP BY source_ip 
             HAVING event_count > 10 OR event_types > 3
             ORDER BY event_count DESC made by do_action_ref_array('affcd_analyze_fraud_patterns'), WP_Hook->do_action, WP_Hook->apply_filters, AFFCD_Security_Manager->analyze_fraud_patterns
[25-Sep-2025 00:10:14 UTC] WordPress database error Unknown column 'source_ip' in 'field list' for query INSERT INTO `xrq_affcd_security_logs` (`event_type`, `severity`, `source_ip`, `user_id`, `domain`, `user_agent`, `event_data`, `context_data`) VALUES ('fraud_analysis_completed', 'low', '35.215.83.183', NULL, 'affiliates.theitalianbureau.com', 'WordPress/6.8.2; https://affiliates.theitalianbureau.com', '{\"suspicious_ips\":0,\"suspicious_domains\":0}', '[]') made by do_action_ref_array('affcd_analyze_fraud_patterns'), WP_Hook->do_action, WP_Hook->apply_filters, AFFCD_Security_Manager->analyze_fraud_patterns, AFFCD_Security_Manager->log_security_event
[25-Sep-2025 01:10:44 UTC] WordPress database error Unknown column 'source_ip' in 'field list' for query SELECT source_ip, COUNT(*) as event_count, 
                    COUNT(DISTINCT event_type) as event_types
             FROM xrq_affcd_security_logs 
             WHERE created_at >= DATE_SUB(NOW(), INTERVAL 24 HOUR)
               AND severity IN ('medium', 'high', 'critical')
             GROUP BY source_ip 
             HAVING event_count > 10 OR event_types > 3
             ORDER BY event_count DESC made by do_action_ref_array('affcd_analyze_fraud_patterns'), WP_Hook->do_action, WP_Hook->apply_filters, AFFCD_Security_Manager->analyze_fraud_patterns
[25-Sep-2025 01:10:44 UTC] WordPress database error Unknown column 'source_ip' in 'field list' for query INSERT INTO `xrq_affcd_security_logs` (`event_type`, `severity`, `source_ip`, `user_id`, `domain`, `user_agent`, `event_data`, `context_data`) VALUES ('fraud_analysis_completed', 'low', '35.215.83.183', NULL, 'affiliates.theitalianbureau.com', 'WordPress/6.8.2; https://affiliates.theitalianbureau.com', '{\"suspicious_ips\":0,\"suspicious_domains\":0}', '[]') made by do_action_ref_array('affcd_analyze_fraud_patterns'), WP_Hook->do_action, WP_Hook->apply_filters, AFFCD_Security_Manager->analyze_fraud_patterns, AFFCD_Security_Manager->log_security_event
[25-Sep-2025 01:10:44 UTC] WordPress database error Unknown column 'source_ip' in 'field list' for query SELECT source_ip, COUNT(*) as event_count, 
                    COUNT(DISTINCT event_type) as event_types
             FROM xrq_affcd_security_logs 
             WHERE created_at >= DATE_SUB(NOW(), INTERVAL 24 HOUR)
               AND severity IN ('medium', 'high', 'critical')
             GROUP BY source_ip 
             HAVING event_count > 10 OR event_types > 3
             ORDER BY event_count DESC made by do_action_ref_array('affcd_analyze_fraud_patterns'), WP_Hook->do_action, WP_Hook->apply_filters, AFFCD_Security_Manager->analyze_fraud_patterns
[25-Sep-2025 01:10:44 UTC] WordPress database error Unknown column 'source_ip' in 'field list' for query INSERT INTO `xrq_affcd_security_logs` (`event_type`, `severity`, `source_ip`, `user_id`, `domain`, `user_agent`, `event_data`, `context_data`) VALUES ('fraud_analysis_completed', 'low', '35.215.83.183', NULL, 'affiliates.theitalianbureau.com', 'WordPress/6.8.2; https://affiliates.theitalianbureau.com', '{\"suspicious_ips\":0,\"suspicious_domains\":0}', '[]') made by do_action_ref_array('affcd_analyze_fraud_patterns'), WP_Hook->do_action, WP_Hook->apply_filters, AFFCD_Security_Manager->analyze_fraud_patterns, AFFCD_Security_Manager->log_security_event
[25-Sep-2025 02:11:14 UTC] WordPress database error Unknown column 'source_ip' in 'field list' for query SELECT source_ip, COUNT(*) as event_count, 
                    COUNT(DISTINCT event_type) as event_types
             FROM xrq_affcd_security_logs 
             WHERE created_at >= DATE_SUB(NOW(), INTERVAL 24 HOUR)
               AND severity IN ('medium', 'high', 'critical')
             GROUP BY source_ip 
             HAVING event_count > 10 OR event_types > 3
             ORDER BY event_count DESC made by do_action_ref_array('affcd_analyze_fraud_patterns'), WP_Hook->do_action, WP_Hook->apply_filters, AFFCD_Security_Manager->analyze_fraud_patterns
[25-Sep-2025 02:11:14 UTC] WordPress database error Unknown column 'source_ip' in 'field list' for query INSERT INTO `xrq_affcd_security_logs` (`event_type`, `severity`, `source_ip`, `user_id`, `domain`, `user_agent`, `event_data`, `context_data`) VALUES ('fraud_analysis_completed', 'low', '35.215.83.183', NULL, 'affiliates.theitalianbureau.com', 'WordPress/6.8.2; https://affiliates.theitalianbureau.com', '{\"suspicious_ips\":0,\"suspicious_domains\":0}', '[]') made by do_action_ref_array('affcd_analyze_fraud_patterns'), WP_Hook->do_action, WP_Hook->apply_filters, AFFCD_Security_Manager->analyze_fraud_patterns, AFFCD_Security_Manager->log_security_event
[25-Sep-2025 02:11:14 UTC] WordPress database error Unknown column 'source_ip' in 'field list' for query SELECT source_ip, COUNT(*) as event_count, 
                    COUNT(DISTINCT event_type) as event_types
             FROM xrq_affcd_security_logs 
             WHERE created_at >= DATE_SUB(NOW(), INTERVAL 24 HOUR)
               AND severity IN ('medium', 'high', 'critical')
             GROUP BY source_ip 
             HAVING event_count > 10 OR event_types > 3
             ORDER BY event_count DESC made by do_action_ref_array('affcd_analyze_fraud_patterns'), WP_Hook->do_action, WP_Hook->apply_filters, AFFCD_Security_Manager->analyze_fraud_patterns
[25-Sep-2025 02:11:14 UTC] WordPress database error Unknown column 'source_ip' in 'field list' for query INSERT INTO `xrq_affcd_security_logs` (`event_type`, `severity`, `source_ip`, `user_id`, `domain`, `user_agent`, `event_data`, `context_data`) VALUES ('fraud_analysis_completed', 'low', '35.215.83.183', NULL, 'affiliates.theitalianbureau.com', 'WordPress/6.8.2; https://affiliates.theitalianbureau.com', '{\"suspicious_ips\":0,\"suspicious_domains\":0}', '[]') made by do_action_ref_array('affcd_analyze_fraud_patterns'), WP_Hook->do_action, WP_Hook->apply_filters, AFFCD_Security_Manager->analyze_fraud_patterns, AFFCD_Security_Manager->log_security_event
[25-Sep-2025 03:09:43 UTC] WordPress database error Unknown column 'source_ip' in 'field list' for query SELECT source_ip, COUNT(*) as event_count, 
                    COUNT(DISTINCT event_type) as event_types
             FROM xrq_affcd_security_logs 
             WHERE created_at >= DATE_SUB(NOW(), INTERVAL 24 HOUR)
               AND severity IN ('medium', 'high', 'critical')
             GROUP BY source_ip 
             HAVING event_count > 10 OR event_types > 3
             ORDER BY event_count DESC made by do_action_ref_array('affcd_analyze_fraud_patterns'), WP_Hook->do_action, WP_Hook->apply_filters, AFFCD_Security_Manager->analyze_fraud_patterns
[25-Sep-2025 03:09:43 UTC] WordPress database error Unknown column 'source_ip' in 'field list' for query INSERT INTO `xrq_affcd_security_logs` (`event_type`, `severity`, `source_ip`, `user_id`, `domain`, `user_agent`, `event_data`, `context_data`) VALUES ('fraud_analysis_completed', 'low', '35.215.83.183', NULL, 'affiliates.theitalianbureau.com', 'WordPress/6.8.2; https://affiliates.theitalianbureau.com', '{\"suspicious_ips\":0,\"suspicious_domains\":0}', '[]') made by do_action_ref_array('affcd_analyze_fraud_patterns'), WP_Hook->do_action, WP_Hook->apply_filters, AFFCD_Security_Manager->analyze_fraud_patterns, AFFCD_Security_Manager->log_security_event
[25-Sep-2025 03:09:43 UTC] WordPress database error Unknown column 'source_ip' in 'field list' for query SELECT source_ip, COUNT(*) as event_count, 
                    COUNT(DISTINCT event_type) as event_types
             FROM xrq_affcd_security_logs 
             WHERE created_at >= DATE_SUB(NOW(), INTERVAL 24 HOUR)
               AND severity IN ('medium', 'high', 'critical')
             GROUP BY source_ip 
             HAVING event_count > 10 OR event_types > 3
             ORDER BY event_count DESC made by do_action_ref_array('affcd_analyze_fraud_patterns'), WP_Hook->do_action, WP_Hook->apply_filters, AFFCD_Security_Manager->analyze_fraud_patterns
[25-Sep-2025 03:09:43 UTC] WordPress database error Unknown column 'source_ip' in 'field list' for query INSERT INTO `xrq_affcd_security_logs` (`event_type`, `severity`, `source_ip`, `user_id`, `domain`, `user_agent`, `event_data`, `context_data`) VALUES ('fraud_analysis_completed', 'low', '35.215.83.183', NULL, 'affiliates.theitalianbureau.com', 'WordPress/6.8.2; https://affiliates.theitalianbureau.com', '{\"suspicious_ips\":0,\"suspicious_domains\":0}', '[]') made by do_action_ref_array('affcd_analyze_fraud_patterns'), WP_Hook->do_action, WP_Hook->apply_filters, AFFCD_Security_Manager->analyze_fraud_patterns, AFFCD_Security_Manager->log_security_event
[25-Sep-2025 04:10:13 UTC] WordPress database error Unknown column 'source_ip' in 'field list' for query SELECT source_ip, COUNT(*) as event_count, 
                    COUNT(DISTINCT event_type) as event_types
             FROM xrq_affcd_security_logs 
             WHERE created_at >= DATE_SUB(NOW(), INTERVAL 24 HOUR)
               AND severity IN ('medium', 'high', 'critical')
             GROUP BY source_ip 
             HAVING event_count > 10 OR event_types > 3
             ORDER BY event_count DESC made by do_action_ref_array('affcd_analyze_fraud_patterns'), WP_Hook->do_action, WP_Hook->apply_filters, AFFCD_Security_Manager->analyze_fraud_patterns
[25-Sep-2025 04:10:13 UTC] WordPress database error Unknown column 'source_ip' in 'field list' for query INSERT INTO `xrq_affcd_security_logs` (`event_type`, `severity`, `source_ip`, `user_id`, `domain`, `user_agent`, `event_data`, `context_data`) VALUES ('fraud_analysis_completed', 'low', '35.215.83.183', NULL, 'affiliates.theitalianbureau.com', 'WordPress/6.8.2; https://affiliates.theitalianbureau.com', '{\"suspicious_ips\":0,\"suspicious_domains\":0}', '[]') made by do_action_ref_array('affcd_analyze_fraud_patterns'), WP_Hook->do_action, WP_Hook->apply_filters, AFFCD_Security_Manager->analyze_fraud_patterns, AFFCD_Security_Manager->log_security_event
[25-Sep-2025 04:10:13 UTC] WordPress database error Unknown column 'source_ip' in 'field list' for query SELECT source_ip, COUNT(*) as event_count, 
                    COUNT(DISTINCT event_type) as event_types
             FROM xrq_affcd_security_logs 
             WHERE created_at >= DATE_SUB(NOW(), INTERVAL 24 HOUR)
               AND severity IN ('medium', 'high', 'critical')
             GROUP BY source_ip 
             HAVING event_count > 10 OR event_types > 3
             ORDER BY event_count DESC made by do_action_ref_array('affcd_analyze_fraud_patterns'), WP_Hook->do_action, WP_Hook->apply_filters, AFFCD_Security_Manager->analyze_fraud_patterns
[25-Sep-2025 04:10:13 UTC] WordPress database error Unknown column 'source_ip' in 'field list' for query INSERT INTO `xrq_affcd_security_logs` (`event_type`, `severity`, `source_ip`, `user_id`, `domain`, `user_agent`, `event_data`, `context_data`) VALUES ('fraud_analysis_completed', 'low', '35.215.83.183', NULL, 'affiliates.theitalianbureau.com', 'WordPress/6.8.2; https://affiliates.theitalianbureau.com', '{\"suspicious_ips\":0,\"suspicious_domains\":0}', '[]') made by do_action_ref_array('affcd_analyze_fraud_patterns'), WP_Hook->do_action, WP_Hook->apply_filters, AFFCD_Security_Manager->analyze_fraud_patterns, AFFCD_Security_Manager->log_security_event
[25-Sep-2025 05:10:43 UTC] WordPress database error Unknown column 'source_ip' in 'field list' for query SELECT source_ip, COUNT(*) as event_count, 
                    COUNT(DISTINCT event_type) as event_types
             FROM xrq_affcd_security_logs 
             WHERE created_at >= DATE_SUB(NOW(), INTERVAL 24 HOUR)
               AND severity IN ('medium', 'high', 'critical')
             GROUP BY source_ip 
             HAVING event_count > 10 OR event_types > 3
             ORDER BY event_count DESC made by do_action_ref_array('affcd_analyze_fraud_patterns'), WP_Hook->do_action, WP_Hook->apply_filters, AFFCD_Security_Manager->analyze_fraud_patterns
[25-Sep-2025 05:10:43 UTC] WordPress database error Unknown column 'source_ip' in 'field list' for query INSERT INTO `xrq_affcd_security_logs` (`event_type`, `severity`, `source_ip`, `user_id`, `domain`, `user_agent`, `event_data`, `context_data`) VALUES ('fraud_analysis_completed', 'low', '35.215.83.183', NULL, 'affiliates.theitalianbureau.com', 'WordPress/6.8.2; https://affiliates.theitalianbureau.com', '{\"suspicious_ips\":0,\"suspicious_domains\":0}', '[]') made by do_action_ref_array('affcd_analyze_fraud_patterns'), WP_Hook->do_action, WP_Hook->apply_filters, AFFCD_Security_Manager->analyze_fraud_patterns, AFFCD_Security_Manager->log_security_event
[25-Sep-2025 05:10:43 UTC] WordPress database error Unknown column 'source_ip' in 'field list' for query SELECT source_ip, COUNT(*) as event_count, 
                    COUNT(DISTINCT event_type) as event_types
             FROM xrq_affcd_security_logs 
             WHERE created_at >= DATE_SUB(NOW(), INTERVAL 24 HOUR)
               AND severity IN ('medium', 'high', 'critical')
             GROUP BY source_ip 
             HAVING event_count > 10 OR event_types > 3
             ORDER BY event_count DESC made by do_action_ref_array('affcd_analyze_fraud_patterns'), WP_Hook->do_action, WP_Hook->apply_filters, AFFCD_Security_Manager->analyze_fraud_patterns
[25-Sep-2025 05:10:43 UTC] WordPress database error Unknown column 'source_ip' in 'field list' for query INSERT INTO `xrq_affcd_security_logs` (`event_type`, `severity`, `source_ip`, `user_id`, `domain`, `user_agent`, `event_data`, `context_data`) VALUES ('fraud_analysis_completed', 'low', '35.215.83.183', NULL, 'affiliates.theitalianbureau.com', 'WordPress/6.8.2; https://affiliates.theitalianbureau.com', '{\"suspicious_ips\":0,\"suspicious_domains\":0}', '[]') made by do_action_ref_array('affcd_analyze_fraud_patterns'), WP_Hook->do_action, WP_Hook->apply_filters, AFFCD_Security_Manager->analyze_fraud_patterns, AFFCD_Security_Manager->log_security_event
[25-Sep-2025 05:26:27 UTC] PHP Fatal error:  Uncaught Error: Call to undefined method AFFCD_Database_Manager::get_authorized_domains() in /home/customer/www/affiliates.theitalianbureau.com/public_html/wp-content/plugins/Affiliate Cross Domain Master/admin/class-admin-menu.php:561
Stack trace:
#0 /home/customer/www/affiliates.theitalianbureau.com/public_html/wp-includes/class-wp-hook.php(324): AFFCD_Admin_Menu->render_domains_page('')
#1 /home/customer/www/affiliates.theitalianbureau.com/public_html/wp-includes/class-wp-hook.php(348): WP_Hook->apply_filters('', Array)
#2 /home/customer/www/affiliates.theitalianbureau.com/public_html/wp-includes/plugin.php(517): WP_Hook->do_action(Array)
#3 /home/customer/www/affiliates.theitalianbureau.com/public_html/wp-admin/admin.php(260): do_action('cross-domain_pa...')
#4 {main}
  thrown in /home/customer/www/affiliates.theitalianbureau.com/public_html/wp-content/plugins/Affiliate Cross Domain Master/admin/class-admin-menu.php on line 561
[25-Sep-2025 05:26:28 UTC] PHP Fatal error:  Uncaught Error: Call to undefined method AFFCD_Admin_Menu::get_analytics_data() in /home/customer/www/affiliates.theitalianbureau.com/public_html/wp-content/plugins/Affiliate Cross Domain Master/admin/class-admin-menu.php:577
Stack trace:
#0 /home/customer/www/affiliates.theitalianbureau.com/public_html/wp-includes/class-wp-hook.php(324): AFFCD_Admin_Menu->render_analytics_page('')
#1 /home/customer/www/affiliates.theitalianbureau.com/public_html/wp-includes/class-wp-hook.php(348): WP_Hook->apply_filters('', Array)
#2 /home/customer/www/affiliates.theitalianbureau.com/public_html/wp-includes/plugin.php(517): WP_Hook->do_action(Array)
#3 /home/customer/www/affiliates.theitalianbureau.com/public_html/wp-admin/admin.php(260): do_action('cross-domain_pa...')
#4 {main}
  thrown in /home/customer/www/affiliates.theitalianbureau.com/public_html/wp-content/plugins/Affiliate Cross Domain Master/admin/class-admin-menu.php on line 577
[25-Sep-2025 05:26:30 UTC] PHP Fatal error:  Uncaught Error: Call to undefined method AFFCD_Admin_Menu::display_webhooks_table() in /home/customer/www/affiliates.theitalianbureau.com/public_html/wp-content/plugins/Affiliate Cross Domain Master/admin/class-admin-menu.php:622
Stack trace:
#0 /home/customer/www/affiliates.theitalianbureau.com/public_html/wp-includes/class-wp-hook.php(324): AFFCD_Admin_Menu->render_webhooks_page('')
#1 /home/customer/www/affiliates.theitalianbureau.com/public_html/wp-includes/class-wp-hook.php(348): WP_Hook->apply_filters('', Array)
#2 /home/customer/www/affiliates.theitalianbureau.com/public_html/wp-includes/plugin.php(517): WP_Hook->do_action(Array)
#3 /home/customer/www/affiliates.theitalianbureau.com/public_html/wp-admin/admin.php(260): do_action('cross-domain_pa...')
#4 {main}
  thrown in /home/customer/www/affiliates.theitalianbureau.com/public_html/wp-content/plugins/Affiliate Cross Domain Master/admin/class-admin-menu.php on line 622
